TN:
SF:src/app.js
FN:50,(anonymous_0)
FN:82,(anonymous_1)
FNF:2
FNH:1
FNDA:5,(anonymous_0)
FNDA:0,(anonymous_1)
DA:7,1
DA:8,1
DA:9,1
DA:12,1
DA:15,1
DA:16,1
DA:17,1
DA:18,1
DA:19,1
DA:20,1
DA:21,1
DA:24,1
DA:29,1
DA:49,1
DA:52,5
DA:53,5
DA:55,0
DA:68,1
DA:73,1
DA:82,1
DA:83,0
DA:94,1
DA:100,1
DA:106,1
DA:112,1
DA:118,1
DA:124,1
DA:139,1
DA:141,1
LF:29
LH:27
BRDA:52,0,0,5
BRDA:52,0,1,0
BRDA:52,1,0,5
BRDA:52,1,1,0
BRF:4
BRH:2
end_of_record
TN:
SF:src/config/database.js
FN:3,(anonymous_0)
FNF:1
FNH:0
FNDA:0,(anonymous_0)
DA:1,0
DA:3,0
DA:4,0
DA:5,0
DA:10,0
DA:13,0
DA:15,0
DA:16,0
DA:20,0
LF:9
LH:0
BRF:0
BRH:0
end_of_record
TN:
SF:src/controllers/auth.controller.js
FN:11,(anonymous_0)
FN:29,(anonymous_1)
FN:47,(anonymous_2)
FN:61,(anonymous_3)
FN:80,(anonymous_4)
FNF:5
FNH:2
FNDA:3,(anonymous_0)
FNDA:2,(anonymous_1)
FNDA:0,(anonymous_2)
FNDA:0,(anonymous_3)
FNDA:0,(anonymous_4)
DA:6,1
DA:7,1
DA:8,1
DA:9,1
DA:11,1
DA:12,3
DA:13,3
DA:16,3
DA:17,1
DA:20,1
DA:23,1
DA:29,1
DA:30,2
DA:31,2
DA:34,2
DA:35,2
DA:38,2
DA:41,0
DA:47,1
DA:48,0
DA:49,0
DA:52,0
DA:55,0
DA:61,1
DA:62,0
DA:63,0
DA:64,0
DA:67,0
DA:68,0
DA:71,0
DA:74,0
DA:80,1
DA:81,0
DA:82,0
DA:83,0
DA:86,0
DA:87,0
DA:90,0
DA:93,0
LF:39
LH:20
BRF:0
BRH:0
end_of_record
TN:
SF:src/controllers/favorites.controller.js
FN:12,(anonymous_0)
FN:36,(anonymous_1)
FN:51,(anonymous_2)
FN:84,(anonymous_3)
FN:102,(anonymous_4)
FN:118,(anonymous_5)
FN:141,(anonymous_6)
FNF:7
FNH:0
FNDA:0,(anonymous_0)
FNDA:0,(anonymous_1)
FNDA:0,(anonymous_2)
FNDA:0,(anonymous_3)
FNDA:0,(anonymous_4)
FNDA:0,(anonymous_5)
FNDA:0,(anonymous_6)
DA:1,1
DA:2,1
DA:12,1
DA:13,0
DA:14,0
DA:16,0
DA:17,0
DA:23,0
DA:25,0
DA:36,1
DA:37,0
DA:38,0
DA:40,0
DA:42,0
DA:51,1
DA:52,0
DA:59,0
DA:61,0
DA:69,0
DA:71,0
DA:84,1
DA:85,0
DA:86,0
DA:88,0
DA:90,0
DA:102,1
DA:103,0
DA:105,0
DA:107,0
DA:118,1
DA:119,0
DA:121,0
DA:126,0
DA:128,0
DA:141,1
DA:142,0
DA:143,0
DA:145,0
DA:150,0
LF:39
LH:9
BRDA:16,0,0,0
BRDA:16,0,1,0
BRDA:54,1,0,0
BRDA:55,2,0,0
BRDA:56,3,0,0
BRDA:57,4,0,0
BRDA:58,5,0,0
BRDA:119,6,0,0
BRDA:119,7,0,0
BRDA:143,8,0,0
BRF:10
BRH:0
end_of_record
TN:
SF:src/controllers/movie.controller.js
FN:10,(anonymous_0)
FN:27,(anonymous_1)
FN:59,(anonymous_2)
FN:71,(anonymous_3)
FN:82,(anonymous_4)
FN:112,(anonymous_5)
FNF:6
FNH:0
FNDA:0,(anonymous_0)
FNDA:0,(anonymous_1)
FNDA:0,(anonymous_2)
FNDA:0,(anonymous_3)
FNDA:0,(anonymous_4)
FNDA:0,(anonymous_5)
DA:1,1
DA:2,1
DA:5,1
DA:10,1
DA:12,0
DA:14,0
DA:16,0
DA:27,1
DA:35,0
DA:37,0
DA:46,0
DA:48,0
DA:59,1
DA:60,0
DA:61,0
DA:63,0
DA:71,1
DA:72,0
DA:74,0
DA:82,1
DA:88,0
DA:90,0
DA:98,0
DA:100,0
DA:112,1
DA:116,0
DA:118,0
DA:123,0
DA:125,0
LF:29
LH:9
BRDA:29,0,0,0
BRDA:30,1,0,0
BRDA:86,2,0,0
BRDA:87,3,0,0
BRDA:92,4,0,0
BRDA:92,4,1,0
BRDA:114,5,0,0
BRDA:115,6,0,0
BRF:8
BRH:0
end_of_record
TN:
SF:src/controllers/ratings.controller.js
FN:12,(anonymous_0)
FN:43,(anonymous_1)
FN:78,(anonymous_2)
FN:110,(anonymous_3)
FN:127,(anonymous_4)
FN:142,(anonymous_5)
FN:160,(anonymous_6)
FN:176,(anonymous_7)
FN:199,(anonymous_8)
FNF:9
FNH:0
FNDA:0,(anonymous_0)
FNDA:0,(anonymous_1)
FNDA:0,(anonymous_2)
FNDA:0,(anonymous_3)
FNDA:0,(anonymous_4)
FNDA:0,(anonymous_5)
FNDA:0,(anonymous_6)
FNDA:0,(anonymous_7)
FNDA:0,(anonymous_8)
DA:1,1
DA:2,1
DA:12,1
DA:13,0
DA:14,0
DA:16,0
DA:17,0
DA:23,0
DA:24,0
DA:30,0
DA:32,0
DA:43,1
DA:44,0
DA:52,0
DA:54,0
DA:63,0
DA:65,0
DA:78,1
DA:79,0
DA:85,0
DA:87,0
DA:94,0
DA:96,0
DA:110,1
DA:111,0
DA:112,0
DA:114,0
DA:116,0
DA:127,1
DA:128,0
DA:129,0
DA:131,0
DA:133,0
DA:142,1
DA:143,0
DA:144,0
DA:146,0
DA:148,0
DA:160,1
DA:161,0
DA:163,0
DA:165,0
DA:176,1
DA:177,0
DA:179,0
DA:184,0
DA:186,0
DA:199,1
DA:200,0
DA:202,0
DA:204,0
LF:51
LH:11
BRDA:16,0,0,0
BRDA:16,0,1,0
BRDA:16,1,0,0
BRDA:16,1,1,0
BRDA:23,2,0,0
BRDA:23,2,1,0
BRDA:23,3,0,0
BRDA:23,3,1,0
BRDA:32,4,0,0
BRDA:32,4,1,0
BRDA:46,5,0,0
BRDA:47,6,0,0
BRDA:48,7,0,0
BRDA:49,8,0,0
BRDA:50,9,0,0
BRDA:51,10,0,0
BRDA:60,11,0,0
BRDA:60,11,1,0
BRDA:81,12,0,0
BRDA:82,13,0,0
BRDA:83,14,0,0
BRDA:84,15,0,0
BRDA:177,16,0,0
BRDA:177,17,0,0
BRF:24
BRH:0
end_of_record
TN:
SF:src/controllers/userProfile.controller.js
FN:12,(anonymous_0)
FN:32,(anonymous_1)
FN:48,(anonymous_2)
FN:65,(anonymous_3)
FN:91,(anonymous_4)
FN:107,(anonymous_5)
FN:121,(anonymous_6)
FNF:7
FNH:0
FNDA:0,(anonymous_0)
FNDA:0,(anonymous_1)
FNDA:0,(anonymous_2)
FNDA:0,(anonymous_3)
FNDA:0,(anonymous_4)
FNDA:0,(anonymous_5)
FNDA:0,(anonymous_6)
DA:1,1
DA:2,1
DA:12,1
DA:13,0
DA:14,0
DA:17,0
DA:19,0
DA:21,0
DA:32,1
DA:33,0
DA:35,0
DA:37,0
DA:48,1
DA:49,0
DA:50,0
DA:52,0
DA:54,0
DA:65,1
DA:66,0
DA:67,0
DA:71,0
DA:72,0
DA:78,0
DA:80,0
DA:91,1
DA:92,0
DA:94,0
DA:96,0
DA:107,1
DA:108,0
DA:110,0
DA:112,0
DA:121,1
DA:122,0
DA:124,0
DA:125,0
DA:131,0
DA:137,0
LF:38
LH:9
BRDA:71,0,0,0
BRDA:71,0,1,0
BRDA:122,1,0,0
BRDA:122,2,0,0
BRDA:124,3,0,0
BRDA:124,3,1,0
BRDA:124,4,0,0
BRDA:124,4,1,0
BRF:8
BRH:0
end_of_record
TN:
SF:src/controllers/watchlists.controller.js
FN:12,(anonymous_0)
FN:29,(anonymous_1)
FN:62,(anonymous_2)
FN:79,(anonymous_3)
FN:101,(anonymous_4)
FN:116,(anonymous_5)
FN:145,(anonymous_6)
FN:164,(anonymous_7)
FN:194,(anonymous_8)
FN:224,(anonymous_9)
FNF:10
FNH:0
FNDA:0,(anonymous_0)
FNDA:0,(anonymous_1)
FNDA:0,(anonymous_2)
FNDA:0,(anonymous_3)
FNDA:0,(anonymous_4)
FNDA:0,(anonymous_5)
FNDA:0,(anonymous_6)
FNDA:0,(anonymous_7)
FNDA:0,(anonymous_8)
FNDA:0,(anonymous_9)
DA:1,1
DA:2,1
DA:12,1
DA:13,0
DA:14,0
DA:16,0
DA:18,0
DA:29,1
DA:30,0
DA:37,0
DA:39,0
DA:47,0
DA:49,0
DA:62,1
DA:63,0
DA:64,0
DA:66,0
DA:68,0
DA:79,1
DA:80,0
DA:81,0
DA:82,0
DA:84,0
DA:90,0
DA:101,1
DA:102,0
DA:103,0
DA:105,0
DA:107,0
DA:116,1
DA:117,0
DA:118,0
DA:119,0
DA:121,0
DA:122,0
DA:128,0
DA:134,0
DA:145,1
DA:146,0
DA:147,0
DA:149,0
DA:155,0
DA:164,1
DA:165,0
DA:166,0
DA:167,0
DA:169,0
DA:170,0
DA:176,0
DA:183,0
DA:194,1
DA:200,0
DA:202,0
DA:209,0
DA:211,0
DA:224,1
DA:225,0
DA:229,0
DA:231,0
DA:232,0
DA:238,0
LF:61
LH:12
BRDA:32,0,0,0
BRDA:33,1,0,0
BRDA:34,2,0,0
BRDA:35,3,0,0
BRDA:36,4,0,0
BRDA:121,5,0,0
BRDA:121,5,1,0
BRDA:169,6,0,0
BRDA:169,6,1,0
BRDA:196,7,0,0
BRDA:197,8,0,0
BRDA:198,9,0,0
BRDA:199,10,0,0
BRDA:231,11,0,0
BRDA:231,11,1,0
BRDA:231,12,0,0
BRDA:231,12,1,0
BRF:17
BRH:0
end_of_record
TN:
SF:src/middleware/auth.middleware.js
FN:6,(anonymous_0)
FNF:1
FNH:0
FNDA:0,(anonymous_0)
DA:1,1
DA:2,1
DA:3,1
DA:4,1
DA:6,1
DA:8,0
DA:9,0
DA:10,0
DA:13,0
DA:15,0
DA:17,0
DA:20,0
DA:21,0
DA:22,0
DA:26,0
DA:27,0
DA:29,0
LF:17
LH:5
BRDA:9,0,0,0
BRDA:9,0,1,0
BRDA:21,1,0,0
BRDA:21,1,1,0
BRF:4
BRH:0
end_of_record
TN:
SF:src/middleware/validate.middleware.js
FN:8,(anonymous_0)
FN:9,(anonymous_1)
FN:29,(anonymous_2)
FNF:3
FNH:1
FNDA:27,(anonymous_0)
FNDA:0,(anonymous_1)
FNDA:0,(anonymous_2)
DA:1,1
DA:8,1
DA:9,27
DA:10,0
DA:12,0
DA:13,0
DA:17,0
DA:18,0
DA:22,0
DA:23,0
DA:26,0
DA:28,0
DA:29,0
DA:34,0
DA:41,0
DA:49,1
LF:16
LH:4
BRDA:12,0,0,0
BRDA:12,0,1,0
BRDA:17,1,0,0
BRDA:17,1,1,0
BRDA:22,2,0,0
BRDA:22,2,1,0
BRDA:28,3,0,0
BRDA:28,3,1,0
BRF:8
BRH:0
end_of_record
TN:
SF:src/models/favorite.model.js
FNF:0
FNH:0
DA:1,1
DA:9,1
DA:44,1
DA:47,1
DA:48,1
DA:50,1
DA:52,1
LF:7
LH:7
BRF:0
BRH:0
end_of_record
TN:
SF:src/models/movie.model.js
FNF:0
FNH:0
DA:1,1
DA:9,1
DA:61,1
DA:62,1
DA:63,1
DA:64,1
DA:65,1
DA:67,1
DA:69,1
LF:9
LH:9
BRF:0
BRH:0
end_of_record
TN:
SF:src/models/rating.model.js
FNF:0
FNH:0
DA:1,1
DA:9,1
DA:64,1
DA:67,1
DA:68,1
DA:69,1
DA:70,1
DA:73,1
DA:80,1
DA:82,1
LF:10
LH:10
BRF:0
BRH:0
end_of_record
TN:
SF:src/models/user.model.js
FN:94,(anonymous_0)
FN:107,(anonymous_1)
FNF:2
FNH:1
FNDA:1,(anonymous_0)
FNDA:0,(anonymous_1)
DA:1,1
DA:2,1
DA:4,1
DA:94,1
DA:95,1
DA:97,1
DA:98,1
DA:99,1
DA:100,1
DA:102,0
DA:107,1
DA:108,0
DA:111,1
DA:113,1
LF:14
LH:12
BRDA:95,0,0,0
BRDA:95,0,1,1
BRF:2
BRH:1
end_of_record
TN:
SF:src/models/watchlist.model.js
FNF:0
FNH:0
DA:1,1
DA:9,1
DA:43,1
DA:44,1
DA:45,1
DA:48,1
DA:54,1
DA:56,1
LF:8
LH:8
BRF:0
BRH:0
end_of_record
TN:
SF:src/models/watchlistItem.model.js
FNF:0
FNH:0
DA:1,1
DA:9,1
DA:67,1
DA:70,1
DA:71,1
DA:72,1
DA:74,1
DA:76,1
LF:8
LH:8
BRF:0
BRH:0
end_of_record
TN:
SF:src/routes/auth.routes.js
FN:14,(anonymous_0)
FNF:1
FNH:1
FNDA:5,(anonymous_0)
DA:1,1
DA:8,1
DA:9,1
DA:11,1
DA:14,1
DA:15,5
DA:16,5
DA:20,1
DA:21,1
DA:24,1
DA:25,1
DA:26,1
DA:28,1
LF:13
LH:13
BRF:0
BRH:0
end_of_record
TN:
SF:src/routes/favorites.routes.js
FNF:0
FNH:0
DA:1,1
DA:2,1
DA:3,1
DA:4,1
DA:11,1
DA:13,1
DA:20,1
DA:32,1
DA:44,1
DA:51,1
DA:63,1
DA:74,1
DA:86,1
DA:93,1
LF:14
LH:14
BRF:0
BRH:0
end_of_record
TN:
SF:src/routes/movie.routes.js
FNF:0
FNH:0
DA:1,1
DA:2,1
DA:4,1
DA:11,1
DA:18,1
DA:25,1
DA:32,1
DA:39,1
DA:46,1
DA:48,1
LF:10
LH:10
BRF:0
BRH:0
end_of_record
TN:
SF:src/routes/ratings.routes.js
FNF:0
FNH:0
DA:1,1
DA:2,1
DA:3,1
DA:4,1
DA:12,1
DA:14,1
DA:21,1
DA:33,1
DA:45,1
DA:52,1
DA:63,1
DA:77,1
DA:89,1
DA:101,1
DA:108,1
LF:15
LH:15
BRF:0
BRH:0
end_of_record
TN:
SF:src/routes/userProfile.routes.js
FNF:0
FNH:0
DA:1,1
DA:2,1
DA:3,1
DA:4,1
DA:9,1
DA:11,1
DA:18,1
DA:25,1
DA:37,1
DA:44,1
DA:51,1
DA:62,1
DA:73,1
DA:80,1
LF:14
LH:14
BRF:0
BRH:0
end_of_record
TN:
SF:src/routes/watchlists.routes.js
FNF:0
FNH:0
DA:1,1
DA:2,1
DA:3,1
DA:4,1
DA:13,1
DA:15,1
DA:22,1
DA:34,1
DA:46,1
DA:57,1
DA:68,1
DA:80,1
DA:95,1
DA:107,1
DA:122,1
DA:134,1
DA:144,1
LF:17
LH:17
BRF:0
BRH:0
end_of_record
TN:
SF:src/services/auth.service.js
FN:11,(anonymous_0)
FN:39,(anonymous_1)
FN:72,(anonymous_2)
FN:96,(anonymous_3)
FN:137,(anonymous_4)
FN:166,(anonymous_5)
FNF:6
FNH:3
FNDA:1,(anonymous_0)
FNDA:2,(anonymous_1)
FNDA:0,(anonymous_2)
FNDA:0,(anonymous_3)
FNDA:0,(anonymous_4)
FNDA:1,(anonymous_5)
DA:1,1
DA:2,1
DA:3,1
DA:13,1
DA:14,1
DA:15,0
DA:19,1
DA:22,1
DA:24,1
DA:40,2
DA:43,2
DA:44,2
DA:45,2
DA:49,0
DA:50,0
DA:51,0
DA:55,0
DA:57,0
DA:74,0
DA:75,0
DA:76,0
DA:79,0
DA:97,0
DA:100,0
DA:101,0
DA:102,0
DA:106,0
DA:107,0
DA:108,0
DA:109,0
DA:114,0
DA:120,0
DA:138,0
DA:141,0
DA:142,0
DA:143,0
DA:147,0
DA:148,0
DA:149,0
DA:153,0
DA:154,0
DA:156,0
DA:167,1
DA:171,1
LF:44
LH:14
BRDA:14,0,0,0
BRDA:14,0,1,1
BRDA:44,1,0,2
BRDA:44,1,1,0
BRDA:50,2,0,0
BRDA:50,2,1,0
BRDA:75,3,0,0
BRDA:75,3,1,0
BRDA:101,4,0,0
BRDA:101,4,1,0
BRDA:106,5,0,0
BRDA:106,5,1,0
BRDA:106,6,0,0
BRDA:106,6,1,0
BRDA:108,7,0,0
BRDA:108,7,1,0
BRDA:142,8,0,0
BRDA:142,8,1,0
BRDA:148,9,0,0
BRDA:148,9,1,0
BRF:20
BRH:2
end_of_record
TN:
SF:src/services/favorites.service.js
FN:16,(anonymous_0)
FN:62,(anonymous_1)
FN:83,(anonymous_2)
FN:132,(anonymous_3)
FN:146,(anonymous_4)
FN:159,(anonymous_5)
FN:191,(anonymous_6)
FN:217,(anonymous_7)
FNF:8
FNH:0
FNDA:0,(anonymous_0)
FNDA:0,(anonymous_1)
FNDA:0,(anonymous_2)
FNDA:0,(anonymous_3)
FNDA:0,(anonymous_4)
FNDA:0,(anonymous_5)
FNDA:0,(anonymous_6)
FNDA:0,(anonymous_7)
DA:1,1
DA:2,1
DA:3,1
DA:17,0
DA:19,0
DA:20,0
DA:21,0
DA:25,0
DA:27,0
DA:28,0
DA:32,0
DA:40,0
DA:42,0
DA:51,0
DA:52,0
DA:63,0
DA:64,0
DA:66,0
DA:67,0
DA:70,0
DA:72,0
DA:73,0
DA:84,0
DA:91,0
DA:93,0
DA:94,0
DA:97,0
DA:98,0
DA:99,0
DA:103,0
DA:112,0
DA:122,0
DA:133,0
DA:134,0
DA:135,0
DA:137,0
DA:147,0
DA:148,0
DA:150,0
DA:160,0
DA:161,0
DA:162,0
DA:164,0
DA:180,0
DA:188,0
DA:190,0
DA:191,0
DA:207,0
DA:218,0
DA:220,0
DA:224,0
DA:225,0
DA:229,0
DA:230,0
DA:235,0
DA:237,0
DA:238,0
DA:243,1
LF:58
LH:4
BRDA:20,0,0,0
BRDA:20,0,1,0
BRDA:27,1,0,0
BRDA:27,1,1,0
BRDA:36,2,0,0
BRDA:36,2,1,0
BRDA:37,3,0,0
BRDA:37,3,1,0
BRDA:51,4,0,0
BRDA:51,4,1,0
BRDA:66,5,0,0
BRDA:66,5,1,0
BRDA:72,6,0,0
BRDA:72,6,1,0
BRDA:83,7,0,0
BRDA:86,8,0,0
BRDA:87,9,0,0
BRDA:88,10,0,0
BRDA:89,11,0,0
BRDA:90,12,0,0
BRDA:94,13,0,0
BRDA:94,13,1,0
BRDA:98,14,0,0
BRDA:98,14,1,0
BRDA:159,15,0,0
BRDA:161,16,0,0
BRDA:161,17,0,0
BRDA:188,18,0,0
BRDA:188,18,1,0
BRDA:217,19,0,0
BRDA:224,20,0,0
BRDA:224,20,1,0
BRDA:235,21,0,0
BRDA:235,21,1,0
BRF:34
BRH:0
end_of_record
TN:
SF:src/services/movie.service.js
FN:15,(anonymous_0)
FN:30,(anonymous_1)
FN:39,(anonymous_2)
FN:48,(anonymous_3)
FN:57,(anonymous_4)
FN:71,(anonymous_5)
FN:80,(anonymous_6)
FNF:7
FNH:0
FNDA:0,(anonymous_0)
FNDA:0,(anonymous_1)
FNDA:0,(anonymous_2)
FNDA:0,(anonymous_3)
FNDA:0,(anonymous_4)
FNDA:0,(anonymous_5)
FNDA:0,(anonymous_6)
DA:1,1
DA:2,1
DA:3,1
DA:16,0
DA:18,0
DA:19,0
DA:22,0
DA:31,0
DA:40,0
DA:49,0
DA:58,0
DA:59,0
DA:63,0
DA:64,0
DA:72,0
DA:81,0
DA:83,0
DA:85,0
DA:86,0
DA:90,0
DA:104,0
DA:106,0
DA:107,0
DA:112,1
LF:24
LH:4
BRDA:18,0,0,0
BRDA:18,0,1,0
BRDA:18,1,0,0
BRDA:18,1,1,0
BRDA:58,2,0,0
BRDA:58,2,1,0
BRDA:85,3,0,0
BRDA:85,3,1,0
BRDA:93,4,0,0
BRDA:93,4,1,0
BRDA:94,5,0,0
BRDA:94,5,1,0
BRDA:95,6,0,0
BRDA:95,6,1,0
BRDA:96,7,0,0
BRDA:96,7,1,0
BRDA:97,8,0,0
BRDA:97,8,1,0
BRDA:98,9,0,0
BRDA:98,9,1,0
BRDA:99,10,0,0
BRDA:99,10,1,0
BRDA:100,11,0,0
BRDA:100,11,1,0
BRDA:101,12,0,0
BRDA:101,12,1,0
BRF:26
BRH:0
end_of_record
TN:
SF:src/services/omdb.service.js
FN:9,(anonymous_0)
FN:35,(anonymous_1)
FN:78,(anonymous_2)
FN:117,(anonymous_3)
FN:164,(anonymous_4)
FN:215,(anonymous_5)
FN:231,(anonymous_6)
FN:246,(anonymous_7)
FN:280,(anonymous_8)
FN:289,(anonymous_9)
FN:300,(anonymous_10)
FN:303,(anonymous_11)
FN:306,(anonymous_12)
FN:326,(anonymous_13)
FN:336,(anonymous_14)
FN:367,(anonymous_15)
FN:384,(anonymous_16)
FNF:17
FNH:1
FNDA:1,(anonymous_0)
FNDA:0,(anonymous_1)
FNDA:0,(anonymous_2)
FNDA:0,(anonymous_3)
FNDA:0,(anonymous_4)
FNDA:0,(anonymous_5)
FNDA:0,(anonymous_6)
FNDA:0,(anonymous_7)
FNDA:0,(anonymous_8)
FNDA:0,(anonymous_9)
FNDA:0,(anonymous_10)
FNDA:0,(anonymous_11)
FNDA:0,(anonymous_12)
FNDA:0,(anonymous_13)
FNDA:0,(anonymous_14)
FNDA:0,(anonymous_15)
FNDA:0,(anonymous_16)
DA:1,1
DA:2,1
DA:10,1
DA:11,1
DA:13,1
DA:14,0
DA:18,1
DA:36,0
DA:37,0
DA:38,0
DA:41,0
DA:48,0
DA:49,0
DA:52,0
DA:53,0
DA:56,0
DA:57,0
DA:61,0
DA:68,0
DA:79,0
DA:80,0
DA:81,0
DA:84,0
DA:89,0
DA:90,0
DA:92,0
DA:95,0
DA:96,0
DA:99,0
DA:100,0
DA:103,0
DA:105,0
DA:125,0
DA:127,0
DA:129,0
DA:131,0
DA:134,0
DA:141,0
DA:142,0
DA:147,0
DA:153,0
DA:155,0
DA:171,0
DA:172,0
DA:175,0
DA:176,0
DA:180,0
DA:181,0
DA:182,0
DA:183,0
DA:184,0
DA:188,0
DA:194,0
DA:195,0
DA:197,0
DA:204,0
DA:206,0
DA:216,0
DA:218,0
DA:219,0
DA:221,0
DA:226,0
DA:227,0
DA:229,0
DA:231,0
DA:235,0
DA:237,0
DA:247,0
DA:249,0
DA:267,0
DA:269,0
DA:281,0
DA:283,0
DA:285,0
DA:288,0
DA:289,0
DA:290,0
DA:291,0
DA:292,0
DA:293,0
DA:298,0
DA:300,0
DA:301,0
DA:303,0
DA:304,0
DA:306,0
DA:307,0
DA:310,0
DA:313,0
DA:315,0
DA:316,0
DA:327,0
DA:329,0
DA:330,0
DA:332,0
DA:333,0
DA:335,0
DA:337,0
DA:339,0
DA:340,0
DA:350,0
DA:351,0
DA:363,0
DA:366,0
DA:367,0
DA:371,0
DA:373,0
DA:374,0
DA:385,0
DA:391,0
DA:392,0
DA:395,0
DA:397,0
DA:398,0
DA:399,0
DA:400,0
DA:402,0
DA:405,0
DA:410,1
LF:119
LH:7
BRDA:13,0,0,0
BRDA:13,0,1,1
BRDA:35,1,0,0
BRDA:37,2,0,0
BRDA:37,2,1,0
BRDA:48,3,0,0
BRDA:48,3,1,0
BRDA:56,4,0,0
BRDA:56,4,1,0
BRDA:57,5,0,0
BRDA:57,5,1,0
BRDA:62,6,0,0
BRDA:62,6,1,0
BRDA:63,7,0,0
BRDA:63,7,1,0
BRDA:65,8,0,0
BRDA:65,8,1,0
BRDA:78,9,0,0
BRDA:80,10,0,0
BRDA:80,10,1,0
BRDA:89,11,0,0
BRDA:89,11,1,0
BRDA:99,12,0,0
BRDA:99,12,1,0
BRDA:100,13,0,0
BRDA:100,13,1,0
BRDA:117,14,0,0
BRDA:118,15,0,0
BRDA:119,16,0,0
BRDA:120,17,0,0
BRDA:121,18,0,0
BRDA:122,19,0,0
BRDA:123,20,0,0
BRDA:127,21,0,0
BRDA:127,21,1,0
BRDA:129,22,0,0
BRDA:129,22,1,0
BRDA:141,23,0,0
BRDA:141,23,1,0
BRDA:141,24,0,0
BRDA:141,24,1,0
BRDA:141,24,2,0
BRDA:141,24,3,0
BRDA:164,25,0,0
BRDA:165,26,0,0
BRDA:166,27,0,0
BRDA:167,28,0,0
BRDA:168,29,0,0
BRDA:169,30,0,0
BRDA:175,31,0,0
BRDA:175,31,1,0
BRDA:180,32,0,0
BRDA:180,32,1,0
BRDA:182,33,0,0
BRDA:182,33,1,0
BRDA:182,34,0,0
BRDA:182,34,1,0
BRDA:194,35,0,0
BRDA:194,35,1,0
BRDA:200,36,0,0
BRDA:200,36,1,0
BRDA:215,37,0,0
BRDA:215,38,0,0
BRDA:215,39,0,0
BRDA:226,40,0,0
BRDA:226,40,1,0
BRDA:231,41,0,0
BRDA:231,41,1,0
BRDA:231,42,0,0
BRDA:231,42,1,0
BRDA:288,43,0,0
BRDA:288,43,1,0
BRDA:288,44,0,0
BRDA:288,44,1,0
BRDA:290,45,0,0
BRDA:290,45,1,0
BRDA:291,46,0,0
BRDA:291,46,1,0
BRDA:292,47,0,0
BRDA:292,47,1,0
BRDA:293,48,0,0
BRDA:293,48,1,0
BRDA:298,49,0,0
BRDA:298,49,1,0
BRDA:298,49,2,0
BRDA:298,49,3,0
BRDA:300,50,0,0
BRDA:300,50,1,0
BRDA:300,51,0,0
BRDA:300,51,1,0
BRDA:303,52,0,0
BRDA:303,52,1,0
BRDA:303,53,0,0
BRDA:303,53,1,0
BRDA:366,54,0,0
BRDA:366,54,1,0
BRDA:387,55,0,0
BRDA:387,55,1,0
BRDA:391,56,0,0
BRDA:391,56,1,0
BRDA:395,57,0,0
BRDA:395,57,1,0
BRDA:397,58,0,0
BRDA:397,58,1,0
BRDA:398,59,0,0
BRDA:398,59,1,0
BRDA:400,60,0,0
BRDA:400,60,1,0
BRF:108
BRH:1
end_of_record
TN:
SF:src/services/ratings.service.js
FN:16,(anonymous_0)
FN:105,(anonymous_1)
FN:160,(anonymous_2)
FN:198,(anonymous_3)
FN:205,(anonymous_4)
FN:240,(anonymous_5)
FN:264,(anonymous_6)
FN:281,(anonymous_7)
FN:314,(anonymous_8)
FN:351,(anonymous_9)
FN:374,(anonymous_10)
FN:395,(anonymous_11)
FNF:12
FNH:0
FNDA:0,(anonymous_0)
FNDA:0,(anonymous_1)
FNDA:0,(anonymous_2)
FNDA:0,(anonymous_3)
FNDA:0,(anonymous_4)
FNDA:0,(anonymous_5)
FNDA:0,(anonymous_6)
FNDA:0,(anonymous_7)
FNDA:0,(anonymous_8)
FNDA:0,(anonymous_9)
FNDA:0,(anonymous_10)
FNDA:0,(anonymous_11)
DA:1,1
DA:2,1
DA:3,1
DA:17,0
DA:24,0
DA:27,0
DA:28,0
DA:32,0
DA:34,0
DA:35,0
DA:39,0
DA:41,0
DA:43,0
DA:44,0
DA:45,0
DA:46,0
DA:48,0
DA:50,0
DA:65,0
DA:77,0
DA:79,0
DA:94,0
DA:95,0
DA:106,0
DA:114,0
DA:116,0
DA:117,0
DA:120,0
DA:122,0
DA:123,0
DA:126,0
DA:127,0
DA:131,0
DA:140,0
DA:150,0
DA:161,0
DA:167,0
DA:169,0
DA:170,0
DA:173,0
DA:196,0
DA:197,0
DA:198,0
DA:199,0
DA:200,0
DA:204,0
DA:205,0
DA:230,0
DA:241,0
DA:242,0
DA:247,0
DA:248,0
DA:251,0
DA:253,0
DA:254,0
DA:265,0
DA:266,0
DA:269,0
DA:271,0
DA:282,0
DA:283,0
DA:285,0
DA:286,0
DA:290,0
DA:291,0
DA:296,0
DA:297,0
DA:299,0
DA:304,0
DA:305,0
DA:315,0
DA:316,0
DA:337,0
DA:338,0
DA:348,0
DA:351,0
DA:352,0
DA:353,0
DA:356,0
DA:365,0
DA:375,0
DA:376,0
DA:377,0
DA:379,0
DA:394,0
DA:395,0
DA:418,0
DA:423,1
LF:88
LH:4
BRDA:21,0,0,0
BRDA:22,1,0,0
BRDA:27,2,0,0
BRDA:27,2,1,0
BRDA:27,3,0,0
BRDA:27,3,1,0
BRDA:34,4,0,0
BRDA:34,4,1,0
BRDA:41,5,0,0
BRDA:41,5,1,0
BRDA:46,6,0,0
BRDA:46,6,1,0
BRDA:69,7,0,0
BRDA:69,7,1,0
BRDA:70,8,0,0
BRDA:70,8,1,0
BRDA:74,9,0,0
BRDA:74,9,1,0
BRDA:94,10,0,0
BRDA:94,10,1,0
BRDA:105,11,0,0
BRDA:108,12,0,0
BRDA:109,13,0,0
BRDA:110,14,0,0
BRDA:111,15,0,0
BRDA:112,16,0,0
BRDA:113,17,0,0
BRDA:117,18,0,0
BRDA:117,18,1,0
BRDA:122,19,0,0
BRDA:122,19,1,0
BRDA:126,20,0,0
BRDA:126,20,1,0
BRDA:160,21,0,0
BRDA:163,22,0,0
BRDA:164,23,0,0
BRDA:165,24,0,0
BRDA:166,25,0,0
BRDA:170,26,0,0
BRDA:170,26,1,0
BRDA:197,27,0,0
BRDA:197,27,1,0
BRDA:199,28,0,0
BRDA:199,28,1,0
BRDA:218,29,0,0
BRDA:218,29,1,0
BRDA:247,30,0,0
BRDA:247,30,1,0
BRDA:253,31,0,0
BRDA:253,31,1,0
BRDA:285,32,0,0
BRDA:285,32,1,0
BRDA:290,33,0,0
BRDA:290,33,1,0
BRDA:304,34,0,0
BRDA:304,34,1,0
BRDA:337,35,0,0
BRDA:337,35,1,0
BRDA:352,36,0,0
BRDA:352,36,1,0
BRDA:374,37,0,0
BRDA:376,38,0,0
BRDA:376,39,0,0
BRF:63
BRH:0
end_of_record
TN:
SF:src/services/tmdb.service.js
FN:8,(anonymous_0)
FN:31,(anonymous_1)
FN:52,(anonymous_2)
FN:84,(anonymous_3)
FN:104,(anonymous_4)
FN:119,(anonymous_5)
FNF:6
FNH:0
FNDA:0,(anonymous_0)
FNDA:0,(anonymous_1)
FNDA:0,(anonymous_2)
FNDA:0,(anonymous_3)
FNDA:0,(anonymous_4)
FNDA:0,(anonymous_5)
DA:1,0
DA:2,0
DA:9,0
DA:10,0
DA:11,0
DA:14,0
DA:32,0
DA:33,0
DA:36,0
DA:37,0
DA:40,0
DA:41,0
DA:43,0
DA:60,0
DA:61,0
DA:67,0
DA:68,0
DA:69,0
DA:70,0
DA:72,0
DA:73,0
DA:75,0
DA:85,0
DA:86,0
DA:91,0
DA:93,0
DA:105,0
DA:106,0
DA:107,0
DA:109,0
DA:120,0
DA:125,0
DA:128,0
DA:132,0
DA:134,0
DA:137,0
DA:142,0
LF:37
LH:0
BRDA:31,0,0,0
BRDA:36,1,0,0
BRDA:36,1,1,0
BRDA:53,2,0,0
BRDA:54,3,0,0
BRDA:55,4,0,0
BRDA:56,5,0,0
BRDA:57,6,0,0
BRDA:58,7,0,0
BRDA:67,8,0,0
BRDA:67,8,1,0
BRDA:68,9,0,0
BRDA:68,9,1,0
BRDA:69,10,0,0
BRDA:69,10,1,0
BRDA:70,11,0,0
BRDA:70,11,1,0
BRDA:122,12,0,0
BRDA:122,12,1,0
BRDA:125,13,0,0
BRDA:125,13,1,0
BRDA:129,14,0,0
BRDA:129,14,1,0
BRDA:130,15,0,0
BRDA:130,15,1,0
BRDA:132,16,0,0
BRDA:132,16,1,0
BRF:27
BRH:0
end_of_record
TN:
SF:src/services/userProfile.service.js
FN:18,(anonymous_0)
FN:71,(anonymous_1)
FN:85,(anonymous_2)
FN:119,(anonymous_3)
FN:153,(anonymous_4)
FN:184,(anonymous_5)
FN:205,(anonymous_6)
FNF:7
FNH:0
FNDA:0,(anonymous_0)
FNDA:0,(anonymous_1)
FNDA:0,(anonymous_2)
FNDA:0,(anonymous_3)
FNDA:0,(anonymous_4)
FNDA:0,(anonymous_5)
FNDA:0,(anonymous_6)
DA:1,1
DA:2,1
DA:3,1
DA:4,1
DA:5,1
DA:19,0
DA:20,0
DA:22,0
DA:23,0
DA:27,0
DA:28,0
DA:36,0
DA:39,0
DA:53,0
DA:54,0
DA:55,0
DA:58,0
DA:60,0
DA:61,0
DA:72,0
DA:73,0
DA:84,0
DA:85,0
DA:86,0
DA:87,0
DA:92,0
DA:94,0
DA:100,0
DA:101,0
DA:104,0
DA:106,0
DA:107,0
DA:108,0
DA:110,0
DA:120,0
DA:121,0
DA:138,0
DA:144,0
DA:154,0
DA:155,0
DA:165,0
DA:172,0
DA:174,0
DA:185,0
DA:187,0
DA:194,0
DA:206,0
DA:207,0
DA:209,0
DA:210,0
DA:218,0
DA:227,0
DA:237,0
DA:242,1
LF:54
LH:6
BRDA:18,0,0,0
BRDA:22,1,0,0
BRDA:22,1,1,0
BRDA:27,2,0,0
BRDA:27,2,1,0
BRDA:27,3,0,0
BRDA:27,3,1,0
BRDA:53,4,0,0
BRDA:53,4,1,0
BRDA:60,5,0,0
BRDA:60,5,1,0
BRDA:86,6,0,0
BRDA:86,6,1,0
BRDA:100,7,0,0
BRDA:100,7,1,0
BRDA:106,8,0,0
BRDA:106,8,1,0
BRDA:107,9,0,0
BRDA:107,9,1,0
BRDA:169,10,0,0
BRDA:169,10,1,0
BRDA:205,11,0,0
BRDA:205,12,0,0
BRF:23
BRH:0
end_of_record
TN:
SF:src/services/watchlists.service.js
FN:17,(anonymous_0)
FN:59,(anonymous_1)
FN:111,(anonymous_2)
FN:153,(anonymous_3)
FN:167,(anonymous_4)
FN:196,(anonymous_5)
FN:227,(anonymous_6)
FN:303,(anonymous_7)
FN:344,(anonymous_8)
FN:385,(anonymous_9)
FN:407,(anonymous_10)
FNF:11
FNH:0
FNDA:0,(anonymous_0)
FNDA:0,(anonymous_1)
FNDA:0,(anonymous_2)
FNDA:0,(anonymous_3)
FNDA:0,(anonymous_4)
FNDA:0,(anonymous_5)
FNDA:0,(anonymous_6)
FNDA:0,(anonymous_7)
FNDA:0,(anonymous_8)
FNDA:0,(anonymous_9)
FNDA:0,(anonymous_10)
DA:1,1
DA:2,1
DA:3,1
DA:4,1
DA:18,0
DA:19,0
DA:22,0
DA:23,0
DA:24,0
DA:27,0
DA:34,0
DA:36,0
DA:45,0
DA:46,0
DA:47,0
DA:49,0
DA:60,0
DA:67,0
DA:69,0
DA:70,0
DA:73,0
DA:74,0
DA:75,0
DA:82,0
DA:91,0
DA:101,0
DA:112,0
DA:113,0
DA:115,0
DA:116,0
DA:120,0
DA:121,0
DA:125,0
DA:129,0
DA:141,0
DA:142,0
DA:154,0
DA:155,0
DA:160,0
DA:161,0
DA:164,0
DA:165,0
DA:167,0
DA:168,0
DA:169,0
DA:173,0
DA:174,0
DA:176,0
DA:185,0
DA:186,0
DA:197,0
DA:198,0
DA:203,0
DA:204,0
DA:208,0
DA:213,0
DA:215,0
DA:216,0
DA:228,0
DA:229,0
DA:232,0
DA:237,0
DA:238,0
DA:242,0
DA:247,0
DA:248,0
DA:252,0
DA:254,0
DA:255,0
DA:259,0
DA:271,0
DA:274,0
DA:278,0
DA:291,0
DA:292,0
DA:304,0
DA:306,0
DA:311,0
DA:312,0
DA:315,0
DA:320,0
DA:321,0
DA:325,0
DA:329,0
DA:331,0
DA:332,0
DA:345,0
DA:347,0
DA:352,0
DA:353,0
DA:356,0
DA:365,0
DA:366,0
DA:369,0
DA:375,0
DA:376,0
DA:386,0
DA:392,0
DA:394,0
DA:395,0
DA:397,0
DA:406,0
DA:407,0
DA:426,0
DA:431,1
LF:105
LH:5
BRDA:19,0,0,0
BRDA:23,1,0,0
BRDA:23,1,1,0
BRDA:30,2,0,0
BRDA:30,2,1,0
BRDA:45,3,0,0
BRDA:45,3,1,0
BRDA:46,4,0,0
BRDA:46,4,1,0
BRDA:59,5,0,0
BRDA:62,6,0,0
BRDA:63,7,0,0
BRDA:64,8,0,0
BRDA:65,9,0,0
BRDA:66,10,0,0
BRDA:70,11,0,0
BRDA:70,11,1,0
BRDA:74,12,0,0
BRDA:74,12,1,0
BRDA:115,13,0,0
BRDA:115,13,1,0
BRDA:120,14,0,0
BRDA:120,14,1,0
BRDA:120,15,0,0
BRDA:120,15,1,0
BRDA:141,16,0,0
BRDA:141,16,1,0
BRDA:160,17,0,0
BRDA:160,17,1,0
BRDA:168,18,0,0
BRDA:168,18,1,0
BRDA:185,19,0,0
BRDA:185,19,1,0
BRDA:203,20,0,0
BRDA:203,20,1,0
BRDA:215,21,0,0
BRDA:215,21,1,0
BRDA:229,22,0,0
BRDA:229,23,0,0
BRDA:237,24,0,0
BRDA:237,24,1,0
BRDA:247,25,0,0
BRDA:247,25,1,0
BRDA:254,26,0,0
BRDA:254,26,1,0
BRDA:264,27,0,0
BRDA:264,27,1,0
BRDA:265,28,0,0
BRDA:265,28,1,0
BRDA:266,29,0,0
BRDA:266,29,1,0
BRDA:291,30,0,0
BRDA:291,30,1,0
BRDA:311,31,0,0
BRDA:311,31,1,0
BRDA:320,32,0,0
BRDA:320,32,1,0
BRDA:331,33,0,0
BRDA:331,33,1,0
BRDA:352,34,0,0
BRDA:352,34,1,0
BRDA:360,35,0,0
BRDA:360,35,1,0
BRDA:365,36,0,0
BRDA:365,36,1,0
BRDA:375,37,0,0
BRDA:375,37,1,0
BRDA:385,38,0,0
BRDA:388,39,0,0
BRDA:389,40,0,0
BRDA:390,41,0,0
BRDA:391,42,0,0
BRDA:395,43,0,0
BRDA:395,43,1,0
BRF:74
BRH:0
end_of_record
TN:
SF:src/utils/async.js
FN:4,(anonymous_0)
FN:4,(anonymous_1)
FN:5,(anonymous_2)
FN:9,(anonymous_3)
FNF:4
FNH:3
FNDA:45,(anonymous_0)
FNDA:5,(anonymous_1)
FNDA:4,(anonymous_2)
FNDA:0,(anonymous_3)
DA:1,1
DA:2,1
DA:4,45
DA:5,5
DA:6,4
DA:7,2
DA:8,2
DA:9,0
DA:11,2
DA:13,2
LF:10
LH:9
BRDA:6,0,0,2
BRDA:6,0,1,2
BRDA:7,1,0,2
BRDA:7,1,1,2
BRDA:8,2,0,0
BRDA:8,2,1,2
BRF:6
BRH:5
end_of_record
TN:
SF:src/utils/error.js
FN:2,(anonymous_0)
FN:12,(anonymous_1)
FNF:2
FNH:2
FNDA:4,(anonymous_0)
FNDA:4,(anonymous_1)
DA:3,4
DA:4,4
DA:5,4
DA:6,4
DA:8,4
DA:12,1
DA:13,4
DA:14,4
DA:16,4
DA:17,0
DA:26,4
DA:27,4
DA:34,0
DA:35,0
DA:41,1
LF:15
LH:12
BRDA:5,0,0,4
BRDA:5,0,1,0
BRDA:13,1,0,4
BRDA:13,1,1,0
BRDA:14,2,0,4
BRDA:14,2,1,0
BRDA:16,3,0,0
BRDA:16,3,1,4
BRDA:26,4,0,4
BRDA:26,4,1,0
BRF:10
BRH:5
end_of_record
TN:
SF:src/utils/testDb.js
FN:4,testConnection
FNF:1
FNH:0
FNDA:0,testConnection
DA:1,0
DA:2,0
DA:5,0
DA:6,0
DA:8,0
DA:9,0
DA:14,0
DA:16,0
DA:17,0
DA:18,0
DA:19,0
DA:20,0
DA:21,0
DA:23,0
DA:24,0
DA:25,0
DA:26,0
DA:28,0
DA:32,0
LF:19
LH:0
BRF:0
BRH:0
end_of_record
TN:
SF:src/validators/auth.validator.js
FNF:0
FNH:0
DA:1,1
DA:3,1
DA:19,1
DA:24,1
DA:33,1
DA:44,1
LF:6
LH:6
BRF:0
BRH:0
end_of_record
TN:
SF:src/validators/favorites.validator.js
FNF:0
FNH:0
DA:1,1
DA:6,1
DA:13,1
DA:20,1
DA:31,1
DA:39,1
DA:46,1
DA:50,1
LF:8
LH:8
BRF:0
BRH:0
end_of_record
TN:
SF:src/validators/movie.validator.js
FN:12,(anonymous_0)
FNF:1
FNH:0
FNDA:0,(anonymous_0)
DA:1,1
DA:6,1
DA:12,0
DA:20,1
DA:32,1
DA:42,1
DA:50,1
DA:54,1
LF:8
LH:7
BRDA:12,0,0,0
BRDA:12,0,1,0
BRF:2
BRH:0
end_of_record
TN:
SF:src/validators/ratings.validator.js
FNF:0
FNH:0
DA:1,1
DA:6,1
DA:30,1
DA:42,1
DA:52,1
DA:60,1
DA:67,1
DA:71,1
LF:8
LH:8
BRF:0
BRH:0
end_of_record
TN:
SF:src/validators/userProfile.validator.js
FNF:0
FNH:0
DA:1,1
DA:6,1
DA:35,1
DA:48,1
DA:52,1
LF:5
LH:5
BRF:0
BRH:0
end_of_record
TN:
SF:src/validators/watchlists.validator.js
FNF:0
FNH:0
DA:1,1
DA:6,1
DA:23,1
DA:41,1
DA:52,1
DA:65,1
DA:72,1
DA:79,1
DA:86,1
DA:91,1
LF:10
LH:10
BRF:0
BRH:0
end_of_record
