TN:
SF:src/app.js
FN:43,(anonymous_0)
FNF:1
FNH:1
FNDA:7,(anonymous_0)
DA:7,1
DA:8,1
DA:9,1
DA:12,1
DA:16,1
DA:17,1
DA:20,1
DA:25,1
DA:42,1
DA:45,7
DA:46,7
DA:48,0
DA:61,1
DA:66,1
DA:76,1
DA:103,1
DA:105,1
LF:17
LH:16
BRDA:45,0,0,7
BRDA:45,0,1,0
BRDA:45,1,0,7
BRDA:45,1,1,0
BRF:4
BRH:2
end_of_record
TN:
SF:src/config/database.js
FN:3,(anonymous_0)
FNF:1
FNH:0
FNDA:0,(anonymous_0)
DA:1,0
DA:3,0
DA:4,0
DA:5,0
DA:10,0
DA:13,0
DA:15,0
DA:16,0
DA:20,0
LF:9
LH:0
BRF:0
BRH:0
end_of_record
TN:
SF:src/controllers/auth.controller.js
FN:11,(anonymous_0)
FN:29,(anonymous_1)
FN:47,(anonymous_2)
FN:61,(anonymous_3)
FN:80,(anonymous_4)
FNF:5
FNH:2
FNDA:5,(anonymous_0)
FNDA:2,(anonymous_1)
FNDA:0,(anonymous_2)
FNDA:0,(anonymous_3)
FNDA:0,(anonymous_4)
DA:6,1
DA:7,1
DA:8,1
DA:9,1
DA:11,1
DA:12,5
DA:13,5
DA:16,5
DA:17,3
DA:20,3
DA:23,3
DA:29,1
DA:30,2
DA:31,2
DA:34,2
DA:35,2
DA:38,2
DA:41,1
DA:47,1
DA:48,0
DA:49,0
DA:52,0
DA:55,0
DA:61,1
DA:62,0
DA:63,0
DA:64,0
DA:67,0
DA:68,0
DA:71,0
DA:74,0
DA:80,1
DA:81,0
DA:82,0
DA:83,0
DA:86,0
DA:87,0
DA:90,0
DA:93,0
LF:39
LH:21
BRF:0
BRH:0
end_of_record
TN:
SF:src/middleware/auth.middleware.js
FN:6,(anonymous_0)
FNF:1
FNH:0
FNDA:0,(anonymous_0)
DA:1,1
DA:2,1
DA:3,1
DA:4,1
DA:6,1
DA:8,0
DA:9,0
DA:10,0
DA:13,0
DA:15,0
DA:17,0
DA:20,0
DA:21,0
DA:22,0
DA:26,0
DA:27,0
DA:29,0
LF:17
LH:5
BRDA:9,0,0,0
BRDA:9,0,1,0
BRDA:21,1,0,0
BRDA:21,1,1,0
BRF:4
BRH:0
end_of_record
TN:
SF:src/models/user.model.js
FN:32,(anonymous_0)
FN:45,(anonymous_1)
FNF:2
FNH:2
FNDA:3,(anonymous_0)
FNDA:2,(anonymous_1)
DA:1,1
DA:2,1
DA:4,1
DA:32,1
DA:33,3
DA:35,3
DA:36,3
DA:37,3
DA:38,3
DA:40,0
DA:45,1
DA:46,2
DA:49,1
DA:51,1
LF:14
LH:13
BRDA:33,0,0,0
BRDA:33,0,1,3
BRF:2
BRH:1
end_of_record
TN:
SF:src/routes/auth.routes.js
FN:14,(anonymous_0)
FNF:1
FNH:1
FNDA:7,(anonymous_0)
DA:1,1
DA:8,1
DA:9,1
DA:11,1
DA:14,1
DA:15,7
DA:16,7
DA:20,1
DA:21,1
DA:24,1
DA:25,1
DA:26,1
DA:28,1
LF:13
LH:13
BRF:0
BRH:0
end_of_record
TN:
SF:src/services/auth.service.js
FN:11,(anonymous_0)
FN:39,(anonymous_1)
FN:72,(anonymous_2)
FN:96,(anonymous_3)
FN:137,(anonymous_4)
FN:166,(anonymous_5)
FNF:6
FNH:3
FNDA:3,(anonymous_0)
FNDA:2,(anonymous_1)
FNDA:0,(anonymous_2)
FNDA:0,(anonymous_3)
FNDA:0,(anonymous_4)
FNDA:4,(anonymous_5)
DA:1,1
DA:2,1
DA:3,1
DA:13,3
DA:14,3
DA:15,0
DA:19,3
DA:22,3
DA:24,3
DA:40,2
DA:43,2
DA:44,2
DA:45,0
DA:49,2
DA:50,2
DA:51,1
DA:55,1
DA:57,1
DA:74,0
DA:75,0
DA:76,0
DA:79,0
DA:97,0
DA:100,0
DA:101,0
DA:102,0
DA:106,0
DA:107,0
DA:108,0
DA:109,0
DA:114,0
DA:120,0
DA:138,0
DA:141,0
DA:142,0
DA:143,0
DA:147,0
DA:148,0
DA:149,0
DA:153,0
DA:154,0
DA:156,0
DA:167,4
DA:171,1
LF:44
LH:18
BRDA:14,0,0,0
BRDA:14,0,1,3
BRDA:44,1,0,0
BRDA:44,1,1,2
BRDA:50,2,0,1
BRDA:50,2,1,1
BRDA:75,3,0,0
BRDA:75,3,1,0
BRDA:101,4,0,0
BRDA:101,4,1,0
BRDA:106,5,0,0
BRDA:106,5,1,0
BRDA:106,6,0,0
BRDA:106,6,1,0
BRDA:108,7,0,0
BRDA:108,7,1,0
BRDA:142,8,0,0
BRDA:142,8,1,0
BRDA:148,9,0,0
BRDA:148,9,1,0
BRF:20
BRH:4
end_of_record
TN:
SF:src/utils/async.js
FN:4,(anonymous_0)
FN:4,(anonymous_1)
FN:5,(anonymous_2)
FN:9,(anonymous_3)
FNF:4
FNH:3
FNDA:6,(anonymous_0)
FNDA:7,(anonymous_1)
FNDA:3,(anonymous_2)
FNDA:0,(anonymous_3)
DA:1,1
DA:2,1
DA:4,6
DA:5,7
DA:6,3
DA:7,2
DA:8,2
DA:9,0
DA:11,2
DA:13,1
LF:10
LH:9
BRDA:6,0,0,2
BRDA:6,0,1,1
BRDA:7,1,0,2
BRDA:7,1,1,2
BRDA:8,2,0,0
BRDA:8,2,1,2
BRF:6
BRH:5
end_of_record
TN:
SF:src/utils/error.js
FN:2,(anonymous_0)
FN:12,(anonymous_1)
FNF:2
FNH:2
FNDA:3,(anonymous_0)
FNDA:3,(anonymous_1)
DA:3,3
DA:4,3
DA:5,3
DA:6,3
DA:8,3
DA:12,1
DA:13,3
DA:14,3
DA:16,3
DA:17,0
DA:26,3
DA:27,3
DA:34,0
DA:35,0
DA:41,1
LF:15
LH:12
BRDA:5,0,0,3
BRDA:5,0,1,0
BRDA:13,1,0,3
BRDA:13,1,1,0
BRDA:14,2,0,3
BRDA:14,2,1,0
BRDA:16,3,0,0
BRDA:16,3,1,3
BRDA:26,4,0,3
BRDA:26,4,1,0
BRF:10
BRH:5
end_of_record
TN:
SF:src/utils/testDb.js
FN:4,testConnection
FNF:1
FNH:0
FNDA:0,testConnection
DA:1,0
DA:2,0
DA:5,0
DA:6,0
DA:8,0
DA:9,0
DA:14,0
DA:16,0
DA:17,0
DA:18,0
DA:19,0
DA:20,0
DA:21,0
DA:23,0
DA:24,0
DA:25,0
DA:26,0
DA:28,0
DA:32,0
LF:19
LH:0
BRF:0
BRH:0
end_of_record
TN:
SF:src/validators/auth.validator.js
FNF:0
FNH:0
DA:1,1
DA:3,1
DA:19,1
DA:24,1
DA:33,1
DA:44,1
LF:6
LH:6
BRF:0
BRH:0
end_of_record
